{"D:\\github-app\\src\\actions\\index.js": {"path":"D:\\github-app\\src\\actions\\index.js","statementMap":{"0":{"start":{"line":1,"column":22},"end":{"line":15,"column":3}},"1":{"start":{"line":1,"column":31},"end":{"line":15,"column":3}},"2":{"start":{"line":2,"column":4},"end":{"line":2,"column":30}},"3":{"start":{"line":3,"column":4},"end":{"line":14,"column":43}},"4":{"start":{"line":5,"column":5},"end":{"line":10,"column":6}},"5":{"start":{"line":6,"column":7},"end":{"line":6,"column":18}},"6":{"start":{"line":9,"column":7},"end":{"line":9,"column":25}},"7":{"start":{"line":12,"column":17},"end":{"line":12,"column":27}},"8":{"start":{"line":13,"column":17},"end":{"line":13,"column":51}},"9":{"start":{"line":14,"column":18},"end":{"line":14,"column":41}},"10":{"start":{"line":17,"column":31},"end":{"line":19,"column":4}},"11":{"start":{"line":17,"column":38},"end":{"line":19,"column":3}},"12":{"start":{"line":20,"column":31},"end":{"line":23,"column":4}},"13":{"start":{"line":20,"column":43},"end":{"line":23,"column":3}},"14":{"start":{"line":24,"column":29},"end":{"line":26,"column":4}},"15":{"start":{"line":24,"column":36},"end":{"line":26,"column":3}},"16":{"start":{"line":28,"column":26},"end":{"line":34,"column":3}},"17":{"start":{"line":28,"column":35},"end":{"line":34,"column":3}},"18":{"start":{"line":29,"column":4},"end":{"line":29,"column":32}},"19":{"start":{"line":30,"column":4},"end":{"line":33,"column":45}},"20":{"start":{"line":31,"column":17},"end":{"line":31,"column":27}},"21":{"start":{"line":32,"column":17},"end":{"line":32,"column":53}},"22":{"start":{"line":33,"column":18},"end":{"line":33,"column":43}},"23":{"start":{"line":36,"column":33},"end":{"line":38,"column":4}},"24":{"start":{"line":36,"column":40},"end":{"line":38,"column":3}},"25":{"start":{"line":40,"column":33},"end":{"line":44,"column":4}},"26":{"start":{"line":40,"column":52},"end":{"line":44,"column":3}},"27":{"start":{"line":46,"column":31},"end":{"line":48,"column":4}},"28":{"start":{"line":46,"column":38},"end":{"line":48,"column":3}}},"fnMap":{"0":{"name":"(anonymous_0)","decl":{"start":{"line":1,"column":22},"end":{"line":1,"column":23}},"loc":{"start":{"line":1,"column":31},"end":{"line":15,"column":3}},"line":1},"1":{"name":"(anonymous_1)","decl":{"start":{"line":1,"column":31},"end":{"line":1,"column":32}},"loc":{"start":{"line":1,"column":43},"end":{"line":15,"column":3}},"line":1},"2":{"name":"(anonymous_2)","decl":{"start":{"line":4,"column":10},"end":{"line":4,"column":11}},"loc":{"start":{"line":4,"column":19},"end":{"line":11,"column":5}},"line":4},"3":{"name":"(anonymous_3)","decl":{"start":{"line":12,"column":10},"end":{"line":12,"column":11}},"loc":{"start":{"line":12,"column":17},"end":{"line":12,"column":27}},"line":12},"4":{"name":"(anonymous_4)","decl":{"start":{"line":13,"column":10},"end":{"line":13,"column":11}},"loc":{"start":{"line":13,"column":17},"end":{"line":13,"column":51}},"line":13},"5":{"name":"(anonymous_5)","decl":{"start":{"line":14,"column":11},"end":{"line":14,"column":12}},"loc":{"start":{"line":14,"column":18},"end":{"line":14,"column":41}},"line":14},"6":{"name":"(anonymous_6)","decl":{"start":{"line":17,"column":31},"end":{"line":17,"column":32}},"loc":{"start":{"line":17,"column":38},"end":{"line":19,"column":3}},"line":17},"7":{"name":"(anonymous_7)","decl":{"start":{"line":20,"column":31},"end":{"line":20,"column":32}},"loc":{"start":{"line":20,"column":43},"end":{"line":23,"column":3}},"line":20},"8":{"name":"(anonymous_8)","decl":{"start":{"line":24,"column":29},"end":{"line":24,"column":30}},"loc":{"start":{"line":24,"column":36},"end":{"line":26,"column":3}},"line":24},"9":{"name":"(anonymous_9)","decl":{"start":{"line":28,"column":26},"end":{"line":28,"column":27}},"loc":{"start":{"line":28,"column":35},"end":{"line":34,"column":3}},"line":28},"10":{"name":"(anonymous_10)","decl":{"start":{"line":28,"column":35},"end":{"line":28,"column":36}},"loc":{"start":{"line":28,"column":47},"end":{"line":34,"column":3}},"line":28},"11":{"name":"(anonymous_11)","decl":{"start":{"line":31,"column":10},"end":{"line":31,"column":11}},"loc":{"start":{"line":31,"column":17},"end":{"line":31,"column":27}},"line":31},"12":{"name":"(anonymous_12)","decl":{"start":{"line":32,"column":10},"end":{"line":32,"column":11}},"loc":{"start":{"line":32,"column":17},"end":{"line":32,"column":53}},"line":32},"13":{"name":"(anonymous_13)","decl":{"start":{"line":33,"column":11},"end":{"line":33,"column":12}},"loc":{"start":{"line":33,"column":18},"end":{"line":33,"column":43}},"line":33},"14":{"name":"(anonymous_14)","decl":{"start":{"line":36,"column":33},"end":{"line":36,"column":34}},"loc":{"start":{"line":36,"column":40},"end":{"line":38,"column":3}},"line":36},"15":{"name":"(anonymous_15)","decl":{"start":{"line":40,"column":33},"end":{"line":40,"column":34}},"loc":{"start":{"line":40,"column":52},"end":{"line":44,"column":3}},"line":40},"16":{"name":"(anonymous_16)","decl":{"start":{"line":46,"column":31},"end":{"line":46,"column":32}},"loc":{"start":{"line":46,"column":38},"end":{"line":48,"column":3}},"line":46}},"branchMap":{"0":{"loc":{"start":{"line":5,"column":5},"end":{"line":10,"column":6}},"type":"if","locations":[{"start":{"line":5,"column":5},"end":{"line":10,"column":6}},{"start":{"line":5,"column":5},"end":{"line":10,"column":6}}],"line":5}},"s":{"0":2,"1":1,"2":1,"3":1,"4":1,"5":1,"6":0,"7":1,"8":1,"9":0,"10":2,"11":2,"12":2,"13":2,"14":2,"15":1,"16":2,"17":1,"18":1,"19":1,"20":1,"21":1,"22":0,"23":2,"24":2,"25":2,"26":2,"27":2,"28":1},"f":{"0":1,"1":1,"2":1,"3":1,"4":1,"5":0,"6":2,"7":2,"8":1,"9":1,"10":1,"11":1,"12":1,"13":0,"14":2,"15":2,"16":1},"b":{"0":[1,0]},"_coverageSchema":"332fd63041d2c1bcb487cc26dd0d5f7d97098a6c","hash":"c053c29f0fdf1f11a7142ce12b7ce58608bd66e2"}
,"D:\\github-app\\src\\components\\Repo.jsx": {"path":"D:\\github-app\\src\\components\\Repo.jsx","statementMap":{"0":{"start":{"line":6,"column":13},"end":{"line":16,"column":1}},"1":{"start":{"line":7,"column":4},"end":{"line":15,"column":5}},"2":{"start":{"line":18,"column":0},"end":{"line":24,"column":1}}},"fnMap":{"0":{"name":"(anonymous_0)","decl":{"start":{"line":6,"column":13},"end":{"line":6,"column":14}},"loc":{"start":{"line":6,"column":58},"end":{"line":16,"column":1}},"line":6}},"branchMap":{},"s":{"0":1,"1":2,"2":1},"f":{"0":2},"b":{},"_coverageSchema":"332fd63041d2c1bcb487cc26dd0d5f7d97098a6c","hash":"a2bbde8ef3c71f38cd9c5c99027940e038df2270"}
,"D:\\github-app\\src\\components\\User.jsx": {"path":"D:\\github-app\\src\\components\\User.jsx","statementMap":{"0":{"start":{"line":8,"column":20},"end":{"line":18,"column":1}},"1":{"start":{"line":9,"column":4},"end":{"line":17,"column":5}},"2":{"start":{"line":20,"column":0},"end":{"line":23,"column":1}}},"fnMap":{"0":{"name":"(anonymous_0)","decl":{"start":{"line":8,"column":20},"end":{"line":8,"column":21}},"loc":{"start":{"line":8,"column":43},"end":{"line":18,"column":1}},"line":8}},"branchMap":{},"s":{"0":1,"1":0,"2":1},"f":{"0":0},"b":{},"_coverageSchema":"332fd63041d2c1bcb487cc26dd0d5f7d97098a6c","hash":"a4d28ef32c79169e1dd9338d01c0e6639e30040e"}
,"D:\\github-app\\src\\containers\\Search.jsx": {"path":"D:\\github-app\\src\\containers\\Search.jsx","statementMap":{"0":{"start":{"line":7,"column":22},"end":{"line":14,"column":1}},"1":{"start":{"line":8,"column":26},"end":{"line":8,"column":48}},"2":{"start":{"line":9,"column":2},"end":{"line":13,"column":4}},"3":{"start":{"line":11,"column":92},"end":{"line":11,"column":123}},"4":{"start":{"line":16,"column":27},"end":{"line":18,"column":2}},"5":{"start":{"line":16,"column":40},"end":{"line":18,"column":1}},"6":{"start":{"line":17,"column":23},"end":{"line":17,"column":58}}},"fnMap":{"0":{"name":"(anonymous_0)","decl":{"start":{"line":7,"column":22},"end":{"line":7,"column":23}},"loc":{"start":{"line":7,"column":45},"end":{"line":14,"column":1}},"line":7},"1":{"name":"(anonymous_1)","decl":{"start":{"line":11,"column":85},"end":{"line":11,"column":86}},"loc":{"start":{"line":11,"column":92},"end":{"line":11,"column":123}},"line":11},"2":{"name":"(anonymous_2)","decl":{"start":{"line":16,"column":27},"end":{"line":16,"column":28}},"loc":{"start":{"line":16,"column":40},"end":{"line":18,"column":1}},"line":16},"3":{"name":"(anonymous_3)","decl":{"start":{"line":17,"column":12},"end":{"line":17,"column":13}},"loc":{"start":{"line":17,"column":23},"end":{"line":17,"column":58}},"line":17}},"branchMap":{},"s":{"0":1,"1":3,"2":3,"3":0,"4":1,"5":3,"6":0},"f":{"0":3,"1":0,"2":3,"3":0},"b":{},"_coverageSchema":"332fd63041d2c1bcb487cc26dd0d5f7d97098a6c","hash":"fe2906ee34373b6552df720761bc95db786ee15f"}
,"D:\\github-app\\src\\containers\\Users.jsx": {"path":"D:\\github-app\\src\\containers\\Users.jsx","statementMap":{"0":{"start":{"line":6,"column":21},"end":{"line":23,"column":1}},"1":{"start":{"line":8,"column":4},"end":{"line":15,"column":5}},"2":{"start":{"line":9,"column":8},"end":{"line":9,"column":91}},"3":{"start":{"line":12,"column":8},"end":{"line":14,"column":10}},"4":{"start":{"line":13,"column":12},"end":{"line":13,"column":90}},"5":{"start":{"line":16,"column":4},"end":{"line":22,"column":5}},"6":{"start":{"line":25,"column":24},"end":{"line":28,"column":2}},"7":{"start":{"line":25,"column":36},"end":{"line":28,"column":1}}},"fnMap":{"0":{"name":"(anonymous_0)","decl":{"start":{"line":6,"column":21},"end":{"line":6,"column":22}},"loc":{"start":{"line":6,"column":43},"end":{"line":23,"column":1}},"line":6},"1":{"name":"(anonymous_1)","decl":{"start":{"line":12,"column":28},"end":{"line":12,"column":29}},"loc":{"start":{"line":12,"column":38},"end":{"line":14,"column":9}},"line":12},"2":{"name":"(anonymous_2)","decl":{"start":{"line":25,"column":24},"end":{"line":25,"column":25}},"loc":{"start":{"line":25,"column":36},"end":{"line":28,"column":1}},"line":25}},"branchMap":{"0":{"loc":{"start":{"line":8,"column":4},"end":{"line":15,"column":5}},"type":"if","locations":[{"start":{"line":8,"column":4},"end":{"line":15,"column":5}},{"start":{"line":8,"column":4},"end":{"line":15,"column":5}}],"line":8}},"s":{"0":1,"1":0,"2":0,"3":0,"4":0,"5":0,"6":1,"7":0},"f":{"0":0,"1":0,"2":0},"b":{"0":[0,0]},"_coverageSchema":"332fd63041d2c1bcb487cc26dd0d5f7d97098a6c","hash":"8748a53c62dbb51b6aa4b727a47bc5a768dbae48"}
,"D:\\github-app\\src\\reducers\\repoStatusReducer.js": {"path":"D:\\github-app\\src\\reducers\\repoStatusReducer.js","statementMap":{"0":{"start":{"line":1,"column":15},"end":{"line":24,"column":1}},"1":{"start":{"line":2,"column":4},"end":{"line":23,"column":5}},"2":{"start":{"line":4,"column":12},"end":{"line":8,"column":13}},"3":{"start":{"line":10,"column":12},"end":{"line":14,"column":13}},"4":{"start":{"line":16,"column":12},"end":{"line":20,"column":13}},"5":{"start":{"line":22,"column":12},"end":{"line":22,"column":25}}},"fnMap":{"0":{"name":"(anonymous_0)","decl":{"start":{"line":1,"column":15},"end":{"line":1,"column":16}},"loc":{"start":{"line":1,"column":70},"end":{"line":24,"column":1}},"line":1}},"branchMap":{"0":{"loc":{"start":{"line":1,"column":16},"end":{"line":1,"column":57}},"type":"default-arg","locations":[{"start":{"line":1,"column":24},"end":{"line":1,"column":57}}],"line":1},"1":{"loc":{"start":{"line":2,"column":4},"end":{"line":23,"column":5}},"type":"switch","locations":[{"start":{"line":3,"column":8},"end":{"line":8,"column":13}},{"start":{"line":9,"column":8},"end":{"line":14,"column":13}},{"start":{"line":15,"column":8},"end":{"line":20,"column":13}},{"start":{"line":21,"column":8},"end":{"line":22,"column":25}}],"line":2}},"s":{"0":1,"1":4,"2":1,"3":1,"4":1,"5":1},"f":{"0":4},"b":{"0":[4],"1":[1,1,1,1]},"_coverageSchema":"332fd63041d2c1bcb487cc26dd0d5f7d97098a6c","hash":"255b6cd5c1fb0b6ac26fbf2af954d9a6d4f659b0"}
,"D:\\github-app\\src\\reducers\\userStatusReducer.js": {"path":"D:\\github-app\\src\\reducers\\userStatusReducer.js","statementMap":{"0":{"start":{"line":1,"column":15},"end":{"line":24,"column":1}},"1":{"start":{"line":2,"column":4},"end":{"line":23,"column":5}},"2":{"start":{"line":4,"column":12},"end":{"line":8,"column":13}},"3":{"start":{"line":10,"column":12},"end":{"line":14,"column":13}},"4":{"start":{"line":16,"column":12},"end":{"line":20,"column":13}},"5":{"start":{"line":22,"column":12},"end":{"line":22,"column":25}}},"fnMap":{"0":{"name":"(anonymous_0)","decl":{"start":{"line":1,"column":15},"end":{"line":1,"column":16}},"loc":{"start":{"line":1,"column":70},"end":{"line":24,"column":1}},"line":1}},"branchMap":{"0":{"loc":{"start":{"line":1,"column":16},"end":{"line":1,"column":57}},"type":"default-arg","locations":[{"start":{"line":1,"column":24},"end":{"line":1,"column":57}}],"line":1},"1":{"loc":{"start":{"line":2,"column":4},"end":{"line":23,"column":5}},"type":"switch","locations":[{"start":{"line":3,"column":8},"end":{"line":8,"column":13}},{"start":{"line":9,"column":8},"end":{"line":14,"column":13}},{"start":{"line":15,"column":8},"end":{"line":20,"column":13}},{"start":{"line":21,"column":8},"end":{"line":22,"column":25}}],"line":2}},"s":{"0":1,"1":4,"2":1,"3":1,"4":1,"5":1},"f":{"0":4},"b":{"0":[4],"1":[1,1,1,1]},"_coverageSchema":"332fd63041d2c1bcb487cc26dd0d5f7d97098a6c","hash":"f420691e70ccadbe6c75f93f7f7a085e09ec7df8"}
,"D:\\github-app\\src\\reducers\\usersReducer.js": {"path":"D:\\github-app\\src\\reducers\\usersReducer.js","statementMap":{"0":{"start":{"line":1,"column":14},"end":{"line":19,"column":1}},"1":{"start":{"line":2,"column":4},"end":{"line":18,"column":5}},"2":{"start":{"line":4,"column":12},"end":{"line":7,"column":13}},"3":{"start":{"line":9,"column":12},"end":{"line":15,"column":13}},"4":{"start":{"line":17,"column":12},"end":{"line":17,"column":25}}},"fnMap":{"0":{"name":"(anonymous_0)","decl":{"start":{"line":1,"column":14},"end":{"line":1,"column":15}},"loc":{"start":{"line":1,"column":83},"end":{"line":19,"column":1}},"line":1}},"branchMap":{"0":{"loc":{"start":{"line":1,"column":15},"end":{"line":1,"column":70}},"type":"default-arg","locations":[{"start":{"line":1,"column":23},"end":{"line":1,"column":70}}],"line":1},"1":{"loc":{"start":{"line":2,"column":4},"end":{"line":18,"column":5}},"type":"switch","locations":[{"start":{"line":3,"column":8},"end":{"line":7,"column":13}},{"start":{"line":8,"column":8},"end":{"line":15,"column":13}},{"start":{"line":16,"column":8},"end":{"line":17,"column":25}}],"line":2},"2":{"loc":{"start":{"line":6,"column":21},"end":{"line":6,"column":39}},"type":"binary-expr","locations":[{"start":{"line":6,"column":21},"end":{"line":6,"column":33}},{"start":{"line":6,"column":37},"end":{"line":6,"column":39}}],"line":6}},"s":{"0":1,"1":3,"2":1,"3":1,"4":1},"f":{"0":3},"b":{"0":[3],"1":[1,1,1],"2":[1,0]},"_coverageSchema":"332fd63041d2c1bcb487cc26dd0d5f7d97098a6c","hash":"9b8ee7554589cb9b696ed585eb7dea8e9ff0ecbe"}
}
