TN:
SF:D:\github-app\src\actions\index.js
FN:1,(anonymous_0)
FN:1,(anonymous_1)
FN:4,(anonymous_2)
FN:12,(anonymous_3)
FN:13,(anonymous_4)
FN:14,(anonymous_5)
FN:17,(anonymous_6)
FN:20,(anonymous_7)
FN:24,(anonymous_8)
FN:28,(anonymous_9)
FN:28,(anonymous_10)
FN:31,(anonymous_11)
FN:32,(anonymous_12)
FN:33,(anonymous_13)
FN:36,(anonymous_14)
FN:40,(anonymous_15)
FN:46,(anonymous_16)
FNF:17
FNH:15
FNDA:1,(anonymous_0)
FNDA:1,(anonymous_1)
FNDA:1,(anonymous_2)
FNDA:1,(anonymous_3)
FNDA:1,(anonymous_4)
FNDA:0,(anonymous_5)
FNDA:2,(anonymous_6)
FNDA:2,(anonymous_7)
FNDA:1,(anonymous_8)
FNDA:1,(anonymous_9)
FNDA:1,(anonymous_10)
FNDA:1,(anonymous_11)
FNDA:1,(anonymous_12)
FNDA:0,(anonymous_13)
FNDA:2,(anonymous_14)
FNDA:2,(anonymous_15)
FNDA:1,(anonymous_16)
DA:1,2
DA:2,1
DA:3,1
DA:5,1
DA:6,1
DA:9,0
DA:12,1
DA:13,1
DA:14,0
DA:17,2
DA:20,2
DA:24,2
DA:28,2
DA:29,1
DA:30,1
DA:31,1
DA:32,1
DA:33,0
DA:36,2
DA:40,2
DA:46,2
LF:21
LH:18
BRDA:5,0,0,1
BRDA:5,0,1,0
BRF:2
BRH:1
end_of_record
TN:
SF:D:\github-app\src\components\Repo.jsx
FN:6,(anonymous_0)
FNF:1
FNH:1
FNDA:2,(anonymous_0)
DA:6,1
DA:7,2
DA:18,1
LF:3
LH:3
BRF:0
BRH:0
end_of_record
TN:
SF:D:\github-app\src\components\User.jsx
FN:8,(anonymous_0)
FNF:1
FNH:0
FNDA:0,(anonymous_0)
DA:8,1
DA:9,0
DA:20,1
LF:3
LH:2
BRF:0
BRH:0
end_of_record
TN:
SF:D:\github-app\src\containers\Search.jsx
FN:7,(anonymous_0)
FN:11,(anonymous_1)
FN:16,(anonymous_2)
FN:17,(anonymous_3)
FNF:4
FNH:2
FNDA:3,(anonymous_0)
FNDA:0,(anonymous_1)
FNDA:3,(anonymous_2)
FNDA:0,(anonymous_3)
DA:7,1
DA:8,3
DA:9,3
DA:11,0
DA:16,3
DA:17,0
LF:6
LH:4
BRF:0
BRH:0
end_of_record
TN:
SF:D:\github-app\src\containers\Users.jsx
FN:6,(anonymous_0)
FN:12,(anonymous_1)
FN:25,(anonymous_2)
FNF:3
FNH:0
FNDA:0,(anonymous_0)
FNDA:0,(anonymous_1)
FNDA:0,(anonymous_2)
DA:6,1
DA:8,0
DA:9,0
DA:12,0
DA:13,0
DA:16,0
DA:25,1
LF:7
LH:2
BRDA:8,0,0,0
BRDA:8,0,1,0
BRF:2
BRH:0
end_of_record
TN:
SF:D:\github-app\src\reducers\repoStatusReducer.js
FN:1,(anonymous_0)
FNF:1
FNH:1
FNDA:4,(anonymous_0)
DA:1,1
DA:2,4
DA:4,1
DA:10,1
DA:16,1
DA:22,1
LF:6
LH:6
BRDA:1,0,0,4
BRDA:2,1,0,1
BRDA:2,1,1,1
BRDA:2,1,2,1
BRDA:2,1,3,1
BRF:5
BRH:5
end_of_record
TN:
SF:D:\github-app\src\reducers\userStatusReducer.js
FN:1,(anonymous_0)
FNF:1
FNH:1
FNDA:4,(anonymous_0)
DA:1,1
DA:2,4
DA:4,1
DA:10,1
DA:16,1
DA:22,1
LF:6
LH:6
BRDA:1,0,0,4
BRDA:2,1,0,1
BRDA:2,1,1,1
BRDA:2,1,2,1
BRDA:2,1,3,1
BRF:5
BRH:5
end_of_record
TN:
SF:D:\github-app\src\reducers\usersReducer.js
FN:1,(anonymous_0)
FNF:1
FNH:1
FNDA:3,(anonymous_0)
DA:1,1
DA:2,3
DA:4,1
DA:9,1
DA:17,1
LF:5
LH:5
BRDA:1,0,0,3
BRDA:2,1,0,1
BRDA:2,1,1,1
BRDA:2,1,2,1
BRDA:6,2,0,1
BRDA:6,2,1,0
BRF:6
BRH:5
end_of_record
